23-08-2019 16:47:04 root:INFO:[2019-08-23 16:47:04] ----------------------------------------------------------------------------------------------------
23-08-2019 16:47:04 root:INFO:[2019-08-23 16:47:04] Starting every 5 seconds.
23-08-2019 16:47:04 root:INFO:[2019-08-23 16:47:04] ----------------------------------------------------------------------------------------------------
23-08-2019 16:47:04 root:INFO:[2019-08-23 16:47:04] Sleeping until Fri Aug 23 16:47:05 2019 (0.834913969039917 seconds)...
23-08-2019 16:47:08 root:INFO:match logout ok 545,571, another exception occurred
23-08-2019 16:47:10 root:INFO:[2019-08-23 16:47:10] ----------------------------------------------------------------------------------------------------
23-08-2019 16:47:11 root:INFO:[2019-08-23 16:47:11] Sleeping until Fri Aug 23 16:47:15 2019 (4.429767847061157 seconds)...
23-08-2019 16:47:20 root:INFO:match logout ok 545,571, another exception occurred
23-08-2019 16:47:22 root:INFO:[2019-08-23 16:47:22] ----------------------------------------------------------------------------------------------------
23-08-2019 16:47:23 root:INFO:[2019-08-23 16:47:23] Sleeping until Fri Aug 23 16:47:25 2019 (1.24058198928833 seconds)...
23-08-2019 16:52:41 root:INFO:[2019-08-23 16:52:41] Starting every 5 seconds.
23-08-2019 16:52:48 root:INFO:match logout ok 545,571, another exception occurred
23-08-2019 16:52:58 root:INFO:match logout ok 545,571, another exception occurred
23-08-2019 16:53:05 root:INFO:match logout ok 545,571, another exception occurred
23-08-2019 16:53:10 root:INFO:match logout ok 545,571, another exception occurred
23-08-2019 16:53:15 root:INFO:match logout ok 545,571, another exception occurred
23-08-2019 16:53:20 root:INFO:match logout ok 545,571, another exception occurred
23-08-2019 16:53:25 root:INFO:match logout ok 545,571, another exception occurred
23-08-2019 16:53:30 root:INFO:match logout ok 545,571, another exception occurred
23-08-2019 16:53:35 root:INFO:match logout ok 545,571, another exception occurred
23-08-2019 17:03:28 root:INFO:[2019-08-23 17:03:28] Starting every 5 seconds.
23-08-2019 17:03:30 root:INFO:execept e time error unsupported operand type(s) for |: 'str' and 'str'
23-08-2019 17:03:35 root:INFO:execept e time error unsupported operand type(s) for |: 'str' and 'str'
23-08-2019 17:03:40 root:INFO:execept e time error unsupported operand type(s) for |: 'str' and 'str'
23-08-2019 17:03:45 root:INFO:execept e time error unsupported operand type(s) for |: 'str' and 'str'
23-08-2019 17:03:50 root:INFO:execept e time error unsupported operand type(s) for |: 'str' and 'str'
23-08-2019 17:03:55 root:INFO:execept e time error unsupported operand type(s) for |: 'str' and 'str'
23-08-2019 17:04:12 root:INFO:[2019-08-23 17:04:12] Starting every 5 seconds.
23-08-2019 17:11:51 root:INFO:[2019-08-23 17:11:51] Starting every 5 seconds.
23-08-2019 17:12:40 root:INFO:[2019-08-23 17:12:40] Starting every 5 seconds.
23-08-2019 17:13:33 root:INFO:[2019-08-23 17:13:33] Starting every 5 seconds.
23-08-2019 17:13:43 root:INFO:[2019-08-23 17:13:43] Starting every 5 seconds.
23-08-2019 17:14:39 root:INFO:[2019-08-23 17:14:39] Starting every 5 seconds.
23-08-2019 17:19:59 root:INFO:[2019-08-23 17:19:59] Starting every 5 seconds.
